<?xml version="1.0" encoding="UTF-8"?>
<!-- Generated by org.testng.reporters.JUnitReportReporter -->
<testsuite hostname="HP-LAPTOP" failures="0" tests="1" name="endtoend.ValidateNavigationBar" time="0.229" errors="0" timestamp="2021-07-29T07:38:46 IST" skipped="0">
  <testcase classname="endtoend.ValidateNavigationBar" name="validateNavigationBar" time="0.229"/>
  <system-out/>
</testsuite> <!-- endtoend.ValidateNavigationBar -->
