<?xml version="1.0" encoding="UTF-8"?>
<!-- Generated by org.testng.reporters.JUnitReportReporter -->
<testsuite hostname="HP-LAPTOP" failures="0" tests="2" name="endtoend.HomePage" time="8.381" errors="0" timestamp="2021-07-29T08:00:07 IST" skipped="0">
  <testcase classname="endtoend.HomePage" name="basePageNavigation" time="2.069"/>
  <system-out/>
  <testcase classname="endtoend.HomePage" name="basePageNavigation" time="6.312"/>
  <system-out/>
</testsuite> <!-- endtoend.HomePage -->
