<?xml version="1.0" encoding="UTF-8"?>
<!-- Generated by org.testng.reporters.JUnitReportReporter -->
<testsuite hostname="HP-LAPTOP" failures="0" tests="2" name="endtoend.HomePage" time="45.848" errors="0" timestamp="2021-07-29T07:38:46 IST" skipped="0">
  <testcase classname="endtoend.HomePage" name="basePageNavigation" time="21.998"/>
  <system-out/>
  <testcase classname="endtoend.HomePage" name="basePageNavigation" time="23.850"/>
  <system-out/>
</testsuite> <!-- endtoend.HomePage -->
