<?xml version="1.0" encoding="UTF-8"?>
<!-- Generated by org.testng.reporters.JUnitReportReporter -->
<testsuite hostname="HP-LAPTOP" failures="0" tests="1" name="endtoend.ValidateNavigationBar" time="0.168" errors="0" timestamp="2021-07-29T08:00:07 IST" skipped="0">
  <testcase classname="endtoend.ValidateNavigationBar" name="validateNavigationBar" time="0.168"/>
  <system-out/>
</testsuite> <!-- endtoend.ValidateNavigationBar -->
